<?xml version="1.0" encoding="UTF-8"?>
<testsuite xmlns:xsi="http://www.w3.org/2001/XMLSchema-instance" xsi:noNamespaceSchemaLocation="https://maven.apache.org/surefire/maven-surefire-plugin/xsd/surefire-test-report-3.0.xsd" version="3.0" name="hometest.at_tHomeTest" time="5.269" tests="5" errors="0" skipped="3" failures="2">
  <properties>
    <property name="gopherProxySet" value="false"/>
    <property name="awt.toolkit" value="sun.lwawt.macosx.LWCToolkit"/>
    <property name="java.specification.version" value="11"/>
    <property name="webdriver.chrome.driver" value="../Generic/BrowserDriver/windows/chromedriver.exe"/>
    <property name="sun.cpu.isalist" value=""/>
    <property name="sun.jnu.encoding" value="UTF-8"/>
    <property name="java.class.path" value="/Users/nafisshamsuzzoha/SeleniumBootCampTeam2/at_t/target/test-classes:/Users/nafisshamsuzzoha/SeleniumBootCampTeam2/at_t/target/classes:/Users/nafisshamsuzzoha/.m2/repository/org/example/Generic/1.0-SNAPSHOT/Generic-1.0-SNAPSHOT.jar:/Users/nafisshamsuzzoha/.m2/repository/org/seleniumhq/selenium/selenium-java/3.141.59/selenium-java-3.141.59.jar:/Users/nafisshamsuzzoha/.m2/repository/org/seleniumhq/selenium/selenium-api/3.141.59/selenium-api-3.141.59.jar:/Users/nafisshamsuzzoha/.m2/repository/org/seleniumhq/selenium/selenium-chrome-driver/3.141.59/selenium-chrome-driver-3.141.59.jar:/Users/nafisshamsuzzoha/.m2/repository/org/seleniumhq/selenium/selenium-edge-driver/3.141.59/selenium-edge-driver-3.141.59.jar:/Users/nafisshamsuzzoha/.m2/repository/org/seleniumhq/selenium/selenium-firefox-driver/3.141.59/selenium-firefox-driver-3.141.59.jar:/Users/nafisshamsuzzoha/.m2/repository/org/seleniumhq/selenium/selenium-ie-driver/3.141.59/selenium-ie-driver-3.141.59.jar:/Users/nafisshamsuzzoha/.m2/repository/org/seleniumhq/selenium/selenium-opera-driver/3.141.59/selenium-opera-driver-3.141.59.jar:/Users/nafisshamsuzzoha/.m2/repository/org/seleniumhq/selenium/selenium-remote-driver/3.141.59/selenium-remote-driver-3.141.59.jar:/Users/nafisshamsuzzoha/.m2/repository/org/seleniumhq/selenium/selenium-safari-driver/3.141.59/selenium-safari-driver-3.141.59.jar:/Users/nafisshamsuzzoha/.m2/repository/org/seleniumhq/selenium/selenium-support/3.141.59/selenium-support-3.141.59.jar:/Users/nafisshamsuzzoha/.m2/repository/net/bytebuddy/byte-buddy/1.8.15/byte-buddy-1.8.15.jar:/Users/nafisshamsuzzoha/.m2/repository/org/apache/commons/commons-exec/1.3/commons-exec-1.3.jar:/Users/nafisshamsuzzoha/.m2/repository/com/google/guava/guava/25.0-jre/guava-25.0-jre.jar:/Users/nafisshamsuzzoha/.m2/repository/com/google/code/findbugs/jsr305/1.3.9/jsr305-1.3.9.jar:/Users/nafisshamsuzzoha/.m2/repository/org/checkerframework/checker-compat-qual/2.0.0/checker-compat-qual-2.0.0.jar:/Users/nafisshamsuzzoha/.m2/repository/com/google/errorprone/error_prone_annotations/2.1.3/error_prone_annotations-2.1.3.jar:/Users/nafisshamsuzzoha/.m2/repository/com/google/j2objc/j2objc-annotations/1.1/j2objc-annotations-1.1.jar:/Users/nafisshamsuzzoha/.m2/repository/org/codehaus/mojo/animal-sniffer-annotations/1.14/animal-sniffer-annotations-1.14.jar:/Users/nafisshamsuzzoha/.m2/repository/com/squareup/okhttp3/okhttp/3.11.0/okhttp-3.11.0.jar:/Users/nafisshamsuzzoha/.m2/repository/com/squareup/okio/okio/1.14.0/okio-1.14.0.jar:/Users/nafisshamsuzzoha/.m2/repository/org/seleniumhq/selenium/selenium-server/3.141.59/selenium-server-3.141.59.jar:/Users/nafisshamsuzzoha/.m2/repository/com/beust/jcommander/1.72/jcommander-1.72.jar:/Users/nafisshamsuzzoha/.m2/repository/net/jcip/jcip-annotations/1.0/jcip-annotations-1.0.jar:/Users/nafisshamsuzzoha/.m2/repository/org/seleniumhq/selenium/jetty-repacked/9.4.12.v20180830/jetty-repacked-9.4.12.v20180830.jar:/Users/nafisshamsuzzoha/.m2/repository/javax/servlet/javax.servlet-api/3.1.0/javax.servlet-api-3.1.0.jar:/Users/nafisshamsuzzoha/.m2/repository/org/yaml/snakeyaml/1.19/snakeyaml-1.19.jar:/Users/nafisshamsuzzoha/.m2/repository/org/testng/testng/7.1.0/testng-7.1.0.jar:/Users/nafisshamsuzzoha/.m2/repository/com/google/inject/guice/4.1.0/guice-4.1.0-no_aop.jar:/Users/nafisshamsuzzoha/.m2/repository/javax/inject/javax.inject/1/javax.inject-1.jar:/Users/nafisshamsuzzoha/.m2/repository/aopalliance/aopalliance/1.0/aopalliance-1.0.jar:/Users/nafisshamsuzzoha/.m2/repository/org/mongodb/mongo-java-driver/3.12.4/mongo-java-driver-3.12.4.jar:/Users/nafisshamsuzzoha/.m2/repository/mysql/mysql-connector-java/8.0.20/mysql-connector-java-8.0.20.jar:/Users/nafisshamsuzzoha/.m2/repository/com/google/protobuf/protobuf-java/3.6.1/protobuf-java-3.6.1.jar:/Users/nafisshamsuzzoha/.m2/repository/org/apache/poi/poi/3.17/poi-3.17.jar:/Users/nafisshamsuzzoha/.m2/repository/commons-codec/commons-codec/1.10/commons-codec-1.10.jar:/Users/nafisshamsuzzoha/.m2/repository/org/apache/commons/commons-collections4/4.1/commons-collections4-4.1.jar:/Users/nafisshamsuzzoha/.m2/repository/org/apache/poi/poi-ooxml/3.17/poi-ooxml-3.17.jar:/Users/nafisshamsuzzoha/.m2/repository/org/apache/poi/poi-ooxml-schemas/3.17/poi-ooxml-schemas-3.17.jar:/Users/nafisshamsuzzoha/.m2/repository/org/apache/xmlbeans/xmlbeans/2.6.0/xmlbeans-2.6.0.jar:/Users/nafisshamsuzzoha/.m2/repository/stax/stax-api/1.0.1/stax-api-1.0.1.jar:/Users/nafisshamsuzzoha/.m2/repository/com/github/virtuald/curvesapi/1.04/curvesapi-1.04.jar:/Users/nafisshamsuzzoha/.m2/repository/com/aventstack/extentreports/4.1.5/extentreports-4.1.5.jar:/Users/nafisshamsuzzoha/.m2/repository/org/freemarker/freemarker/2.3.29/freemarker-2.3.29.jar:/Users/nafisshamsuzzoha/.m2/repository/org/apache/httpcomponents/httpclient/4.5.2/httpclient-4.5.2.jar:/Users/nafisshamsuzzoha/.m2/repository/org/apache/httpcomponents/httpcore/4.4.4/httpcore-4.4.4.jar:/Users/nafisshamsuzzoha/.m2/repository/commons-logging/commons-logging/1.2/commons-logging-1.2.jar:/Users/nafisshamsuzzoha/.m2/repository/org/apache/httpcomponents/httpmime/4.5.2/httpmime-4.5.2.jar:/Users/nafisshamsuzzoha/.m2/repository/com/google/code/gson/gson/2.8.6/gson-2.8.6.jar:/Users/nafisshamsuzzoha/.m2/repository/org/mongodb/mongodb-driver/3.12.0/mongodb-driver-3.12.0.jar:/Users/nafisshamsuzzoha/.m2/repository/org/mongodb/mongodb-driver-core/3.12.0/mongodb-driver-core-3.12.0.jar:/Users/nafisshamsuzzoha/.m2/repository/org/mongodb/bson/3.12.0/bson-3.12.0.jar:/Users/nafisshamsuzzoha/.m2/repository/com/relevantcodes/extentreports/2.41.2/extentreports-2.41.2.jar:/Users/nafisshamsuzzoha/.m2/repository/org/jsoup/jsoup/1.8.3/jsoup-1.8.3.jar:/Users/nafisshamsuzzoha/.m2/repository/org/xerial/sqlite-jdbc/3.8.11.1/sqlite-jdbc-3.8.11.1.jar:/Users/nafisshamsuzzoha/.m2/repository/org/apache/commons/commons-lang3/3.10/commons-lang3-3.10.jar:/Users/nafisshamsuzzoha/.m2/repository/commons-io/commons-io/2.7/commons-io-2.7.jar:"/>
    <property name="java.vm.vendor" value="Oracle Corporation"/>
    <property name="sun.arch.data.model" value="64"/>
    <property name="java.vendor.url" value="http://java.oracle.com/"/>
    <property name="user.timezone" value="America/New_York"/>
    <property name="java.vm.specification.version" value="11"/>
    <property name="os.name" value="Mac OS X"/>
    <property name="sun.java.launcher" value="SUN_STANDARD"/>
    <property name="user.country" value="US"/>
    <property name="sun.boot.library.path" value="/Library/Java/JavaVirtualMachines/jdk-11.0.6.jdk/Contents/Home/lib"/>
    <property name="sun.java.command" value="/Users/nafisshamsuzzoha/SeleniumBootCampTeam2/at_t/target/surefire/surefirebooter12837737776391932418.jar /Users/nafisshamsuzzoha/SeleniumBootCampTeam2/at_t/target/surefire 2020-06-24T15-20-20_208-jvmRun1 surefire1807620970309177792tmp surefire_018358938743664684112tmp"/>
    <property name="http.nonProxyHosts" value="local|*.local|169.254/16|*.169.254/16"/>
    <property name="jdk.debug" value="release"/>
    <property name="surefire.test.class.path" value="/Users/nafisshamsuzzoha/SeleniumBootCampTeam2/at_t/target/test-classes:/Users/nafisshamsuzzoha/SeleniumBootCampTeam2/at_t/target/classes:/Users/nafisshamsuzzoha/.m2/repository/org/example/Generic/1.0-SNAPSHOT/Generic-1.0-SNAPSHOT.jar:/Users/nafisshamsuzzoha/.m2/repository/org/seleniumhq/selenium/selenium-java/3.141.59/selenium-java-3.141.59.jar:/Users/nafisshamsuzzoha/.m2/repository/org/seleniumhq/selenium/selenium-api/3.141.59/selenium-api-3.141.59.jar:/Users/nafisshamsuzzoha/.m2/repository/org/seleniumhq/selenium/selenium-chrome-driver/3.141.59/selenium-chrome-driver-3.141.59.jar:/Users/nafisshamsuzzoha/.m2/repository/org/seleniumhq/selenium/selenium-edge-driver/3.141.59/selenium-edge-driver-3.141.59.jar:/Users/nafisshamsuzzoha/.m2/repository/org/seleniumhq/selenium/selenium-firefox-driver/3.141.59/selenium-firefox-driver-3.141.59.jar:/Users/nafisshamsuzzoha/.m2/repository/org/seleniumhq/selenium/selenium-ie-driver/3.141.59/selenium-ie-driver-3.141.59.jar:/Users/nafisshamsuzzoha/.m2/repository/org/seleniumhq/selenium/selenium-opera-driver/3.141.59/selenium-opera-driver-3.141.59.jar:/Users/nafisshamsuzzoha/.m2/repository/org/seleniumhq/selenium/selenium-remote-driver/3.141.59/selenium-remote-driver-3.141.59.jar:/Users/nafisshamsuzzoha/.m2/repository/org/seleniumhq/selenium/selenium-safari-driver/3.141.59/selenium-safari-driver-3.141.59.jar:/Users/nafisshamsuzzoha/.m2/repository/org/seleniumhq/selenium/selenium-support/3.141.59/selenium-support-3.141.59.jar:/Users/nafisshamsuzzoha/.m2/repository/net/bytebuddy/byte-buddy/1.8.15/byte-buddy-1.8.15.jar:/Users/nafisshamsuzzoha/.m2/repository/org/apache/commons/commons-exec/1.3/commons-exec-1.3.jar:/Users/nafisshamsuzzoha/.m2/repository/com/google/guava/guava/25.0-jre/guava-25.0-jre.jar:/Users/nafisshamsuzzoha/.m2/repository/com/google/code/findbugs/jsr305/1.3.9/jsr305-1.3.9.jar:/Users/nafisshamsuzzoha/.m2/repository/org/checkerframework/checker-compat-qual/2.0.0/checker-compat-qual-2.0.0.jar:/Users/nafisshamsuzzoha/.m2/repository/com/google/errorprone/error_prone_annotations/2.1.3/error_prone_annotations-2.1.3.jar:/Users/nafisshamsuzzoha/.m2/repository/com/google/j2objc/j2objc-annotations/1.1/j2objc-annotations-1.1.jar:/Users/nafisshamsuzzoha/.m2/repository/org/codehaus/mojo/animal-sniffer-annotations/1.14/animal-sniffer-annotations-1.14.jar:/Users/nafisshamsuzzoha/.m2/repository/com/squareup/okhttp3/okhttp/3.11.0/okhttp-3.11.0.jar:/Users/nafisshamsuzzoha/.m2/repository/com/squareup/okio/okio/1.14.0/okio-1.14.0.jar:/Users/nafisshamsuzzoha/.m2/repository/org/seleniumhq/selenium/selenium-server/3.141.59/selenium-server-3.141.59.jar:/Users/nafisshamsuzzoha/.m2/repository/com/beust/jcommander/1.72/jcommander-1.72.jar:/Users/nafisshamsuzzoha/.m2/repository/net/jcip/jcip-annotations/1.0/jcip-annotations-1.0.jar:/Users/nafisshamsuzzoha/.m2/repository/org/seleniumhq/selenium/jetty-repacked/9.4.12.v20180830/jetty-repacked-9.4.12.v20180830.jar:/Users/nafisshamsuzzoha/.m2/repository/javax/servlet/javax.servlet-api/3.1.0/javax.servlet-api-3.1.0.jar:/Users/nafisshamsuzzoha/.m2/repository/org/yaml/snakeyaml/1.19/snakeyaml-1.19.jar:/Users/nafisshamsuzzoha/.m2/repository/org/testng/testng/7.1.0/testng-7.1.0.jar:/Users/nafisshamsuzzoha/.m2/repository/com/google/inject/guice/4.1.0/guice-4.1.0-no_aop.jar:/Users/nafisshamsuzzoha/.m2/repository/javax/inject/javax.inject/1/javax.inject-1.jar:/Users/nafisshamsuzzoha/.m2/repository/aopalliance/aopalliance/1.0/aopalliance-1.0.jar:/Users/nafisshamsuzzoha/.m2/repository/org/mongodb/mongo-java-driver/3.12.4/mongo-java-driver-3.12.4.jar:/Users/nafisshamsuzzoha/.m2/repository/mysql/mysql-connector-java/8.0.20/mysql-connector-java-8.0.20.jar:/Users/nafisshamsuzzoha/.m2/repository/com/google/protobuf/protobuf-java/3.6.1/protobuf-java-3.6.1.jar:/Users/nafisshamsuzzoha/.m2/repository/org/apache/poi/poi/3.17/poi-3.17.jar:/Users/nafisshamsuzzoha/.m2/repository/commons-codec/commons-codec/1.10/commons-codec-1.10.jar:/Users/nafisshamsuzzoha/.m2/repository/org/apache/commons/commons-collections4/4.1/commons-collections4-4.1.jar:/Users/nafisshamsuzzoha/.m2/repository/org/apache/poi/poi-ooxml/3.17/poi-ooxml-3.17.jar:/Users/nafisshamsuzzoha/.m2/repository/org/apache/poi/poi-ooxml-schemas/3.17/poi-ooxml-schemas-3.17.jar:/Users/nafisshamsuzzoha/.m2/repository/org/apache/xmlbeans/xmlbeans/2.6.0/xmlbeans-2.6.0.jar:/Users/nafisshamsuzzoha/.m2/repository/stax/stax-api/1.0.1/stax-api-1.0.1.jar:/Users/nafisshamsuzzoha/.m2/repository/com/github/virtuald/curvesapi/1.04/curvesapi-1.04.jar:/Users/nafisshamsuzzoha/.m2/repository/com/aventstack/extentreports/4.1.5/extentreports-4.1.5.jar:/Users/nafisshamsuzzoha/.m2/repository/org/freemarker/freemarker/2.3.29/freemarker-2.3.29.jar:/Users/nafisshamsuzzoha/.m2/repository/org/apache/httpcomponents/httpclient/4.5.2/httpclient-4.5.2.jar:/Users/nafisshamsuzzoha/.m2/repository/org/apache/httpcomponents/httpcore/4.4.4/httpcore-4.4.4.jar:/Users/nafisshamsuzzoha/.m2/repository/commons-logging/commons-logging/1.2/commons-logging-1.2.jar:/Users/nafisshamsuzzoha/.m2/repository/org/apache/httpcomponents/httpmime/4.5.2/httpmime-4.5.2.jar:/Users/nafisshamsuzzoha/.m2/repository/com/google/code/gson/gson/2.8.6/gson-2.8.6.jar:/Users/nafisshamsuzzoha/.m2/repository/org/mongodb/mongodb-driver/3.12.0/mongodb-driver-3.12.0.jar:/Users/nafisshamsuzzoha/.m2/repository/org/mongodb/mongodb-driver-core/3.12.0/mongodb-driver-core-3.12.0.jar:/Users/nafisshamsuzzoha/.m2/repository/org/mongodb/bson/3.12.0/bson-3.12.0.jar:/Users/nafisshamsuzzoha/.m2/repository/com/relevantcodes/extentreports/2.41.2/extentreports-2.41.2.jar:/Users/nafisshamsuzzoha/.m2/repository/org/jsoup/jsoup/1.8.3/jsoup-1.8.3.jar:/Users/nafisshamsuzzoha/.m2/repository/org/xerial/sqlite-jdbc/3.8.11.1/sqlite-jdbc-3.8.11.1.jar:/Users/nafisshamsuzzoha/.m2/repository/org/apache/commons/commons-lang3/3.10/commons-lang3-3.10.jar:/Users/nafisshamsuzzoha/.m2/repository/commons-io/commons-io/2.7/commons-io-2.7.jar:"/>
    <property name="sun.cpu.endian" value="little"/>
    <property name="user.home" value="/Users/nafisshamsuzzoha"/>
    <property name="user.language" value="en"/>
    <property name="java.specification.vendor" value="Oracle Corporation"/>
    <property name="java.version.date" value="2020-01-14"/>
    <property name="java.home" value="/Library/Java/JavaVirtualMachines/jdk-11.0.6.jdk/Contents/Home"/>
    <property name="file.separator" value="/"/>
    <property name="basedir" value="/Users/nafisshamsuzzoha/SeleniumBootCampTeam2/at_t"/>
    <property name="java.vm.compressedOopsMode" value="Zero based"/>
    <property name="line.separator" value="&#10;"/>
    <property name="java.specification.name" value="Java Platform API Specification"/>
    <property name="java.vm.specification.vendor" value="Oracle Corporation"/>
    <property name="java.awt.graphicsenv" value="sun.awt.CGraphicsEnvironment"/>
    <property name="surefire.real.class.path" value="/Users/nafisshamsuzzoha/SeleniumBootCampTeam2/at_t/target/surefire/surefirebooter12837737776391932418.jar"/>
    <property name="sun.management.compiler" value="HotSpot 64-Bit Tiered Compilers"/>
    <property name="ftp.nonProxyHosts" value="local|*.local|169.254/16|*.169.254/16"/>
    <property name="java.runtime.version" value="11.0.6+8-LTS"/>
    <property name="user.name" value="nafisshamsuzzoha"/>
    <property name="path.separator" value=":"/>
    <property name="os.version" value="10.15.5"/>
    <property name="java.runtime.name" value="Java(TM) SE Runtime Environment"/>
    <property name="file.encoding" value="UTF-8"/>
    <property name="java.vm.name" value="Java HotSpot(TM) 64-Bit Server VM"/>
    <property name="idea.version2020.1" value="true"/>
    <property name="java.vendor.version" value="18.9"/>
    <property name="localRepository" value="/Users/nafisshamsuzzoha/.m2/repository"/>
    <property name="java.vendor.url.bug" value="http://bugreport.java.com/bugreport/"/>
    <property name="java.io.tmpdir" value="/var/folders/c9/b31c6jgd78103bxjmtvdfr400000gn/T/"/>
    <property name="java.version" value="11.0.6"/>
    <property name="user.dir" value="/Users/nafisshamsuzzoha/SeleniumBootCampTeam2/at_t"/>
    <property name="os.arch" value="x86_64"/>
    <property name="java.vm.specification.name" value="Java Virtual Machine Specification"/>
    <property name="java.awt.printerjob" value="sun.lwawt.macosx.CPrinterJob"/>
    <property name="sun.os.patch.level" value="unknown"/>
    <property name="java.library.path" value="/Users/nafisshamsuzzoha/Library/Java/Extensions:/Library/Java/Extensions:/Network/Library/Java/Extensions:/System/Library/Java/Extensions:/usr/lib/java:."/>
    <property name="java.vendor" value="Oracle Corporation"/>
    <property name="java.vm.info" value="mixed mode"/>
    <property name="java.vm.version" value="11.0.6+8-LTS"/>
    <property name="sun.io.unicode.encoding" value="UnicodeBig"/>
    <property name="java.class.version" value="55.0"/>
    <property name="socksNonProxyHosts" value="local|*.local|169.254/16|*.169.254/16"/>
  </properties>
  <testcase name="setUp" classname="hometest.at_tHomeTest" time="4.472">
    <failure message="The driver is not executable: /Users/nafisshamsuzzoha/SeleniumBootCampTeam2/at_t/../Generic/BrowserDriver/windows/chromedriver.exe" type="java.lang.IllegalStateException"><![CDATA[java.lang.IllegalStateException: The driver is not executable: /Users/nafisshamsuzzoha/SeleniumBootCampTeam2/at_t/../Generic/BrowserDriver/windows/chromedriver.exe
]]></failure>
    <system-out><![CDATA[Extent Report Directory/Users/nafisshamsuzzoha/SeleniumBootCampTeam2/at_t/target/surefire-reports/html
]]></system-out>
    <system-err><![CDATA[Jun 24, 2020 3:20:25 PM com.relevantcodes.extentreports.ExtentReports loadConfig
WARNING: Unable to perform report configuration. The file /Users/nafisshamsuzzoha/SeleniumBootCampTeam2/at_t/report-config.xml was not found.
]]></system-err>
  </testcase>
  <testcase name="startExtent" classname="hometest.at_tHomeTest" time="0">
    <skipped/>
  </testcase>
  <testcase name="testHoverOnBusiness" classname="hometest.at_tHomeTest" time="0">
    <skipped message="The driver is not executable: /Users/nafisshamsuzzoha/SeleniumBootCampTeam2/at_t/../Generic/BrowserDriver/windows/chromedriver.exe"/>
  </testcase>
  <testcase name="afterEachTestMethod" classname="hometest.at_tHomeTest" time="0">
    <skipped/>
  </testcase>
  <testcase name="cleanUp" classname="hometest.at_tHomeTest" time="0">
    <failure type="java.lang.NullPointerException"><![CDATA[java.lang.NullPointerException
]]></failure>
  </testcase>
</testsuite>