<?xml version="1.0" encoding="UTF-8"?>
<!-- Generated by org.testng.reporters.JUnitReportReporter -->
<testsuite hostname="kahinas-MBP.fios-router.home" failures="0" tests="1" name="hometest.Delta_AirlineHomeTest" time="12.962" errors="0" timestamp="2020-06-05T20:42:14 EDT" skipped="0">
  <testcase classname="hometest.Delta_AirlineHomeTest" name="testDeltaCarriersSearchPage" time="12.962"/>
  <system-out/>
</testsuite> <!-- hometest.Delta_AirlineHomeTest -->
